<?xml version="1.0" encoding="UTF-8"?>
<testng-results skipped="0" failed="0" ignored="0" total="1" passed="1">
  <reporter-output>
  </reporter-output>
  <suite name="Default suite" duration-ms="10289" started-at="2021-04-03T12:16:08 IST" finished-at="2021-04-03T12:16:19 IST">
    <groups>
    </groups>
    <test name="Default test" duration-ms="10289" started-at="2021-04-03T12:16:08 IST" finished-at="2021-04-03T12:16:19 IST">
      <class name="api.methods.Get">
        <test-method status="PASS" signature="getMethod(java.lang.String)[pri:0, instance:api.methods.Get@2a742aa2]" name="getMethod" duration-ms="9830" started-at="2021-04-03T12:16:09 IST" data-provider="getTestData" finished-at="2021-04-03T12:16:19 IST">
          <params>
            <param index="0">
              <value>
                <![CDATA[v1/auth/getApiKey]]>
              </value>
            </param>
          </params>
          <reporter-output>
          </reporter-output>
        </test-method> <!-- getMethod -->
      </class> <!-- api.methods.Get -->
    </test> <!-- Default test -->
  </suite> <!-- Default suite -->
</testng-results>
